[0m17:18:38.291899 [debug] [MainThread]: Sending event: {'category': 'dbt', 'action': 'invocation', 'label': 'start', 'context': [<snowplow_tracker.self_describing_json.SelfDescribingJson object at 0x10c7811f0>, <snowplow_tracker.self_describing_json.SelfDescribingJson object at 0x10dfdc430>, <snowplow_tracker.self_describing_json.SelfDescribingJson object at 0x10dfdce80>]}


============================== 17:18:38.298133 | f0f0bc59-a97f-4033-9662-2d5d3daa7201 ==============================
[0m17:18:38.298133 [info ] [MainThread]: Running with dbt=1.9.0
[0m17:18:38.298742 [debug] [MainThread]: running dbt with arguments {'printer_width': '80', 'indirect_selection': 'eager', 'write_json': 'True', 'log_cache_events': 'False', 'partial_parse': 'True', 'cache_selected_only': 'False', 'warn_error': 'None', 'fail_fast': 'False', 'debug': 'False', 'log_path': 'logs', 'version_check': 'True', 'profiles_dir': '/Users/katarzyna/.dbt', 'use_colors': 'True', 'use_experimental_parser': 'False', 'no_print': 'None', 'quiet': 'False', 'empty': 'None', 'warn_error_options': 'WarnErrorOptions(include=[], exclude=[])', 'introspect': 'True', 'invocation_command': 'dbt init', 'log_format': 'default', 'target_path': 'None', 'static_parser': 'True', 'send_anonymous_usage_stats': 'True'}
[0m17:18:40.908624 [debug] [MainThread]: Starter project path: /Users/katarzyna/opt/anaconda3/envs/dbtpostgres/lib/python3.9/site-packages/dbt/include/starter_project
[0m17:18:40.926364 [info ] [MainThread]: 
Your new dbt project "gog" was created!

For more information on how to configure the profiles.yml file,
please consult the dbt documentation here:

  https://docs.getdbt.com/docs/configure-your-profile

One more thing:

Need help? Don't hesitate to reach out to us via GitHub issues or on Slack:

  https://community.getdbt.com/

Happy modeling!

[0m17:18:40.926991 [info ] [MainThread]: Setting up your profile.
[0m17:19:50.135186 [info ] [MainThread]: Profile gog written to /Users/katarzyna/.dbt/profiles.yml using target's profile_template.yml and your supplied values. Run 'dbt debug' to validate the connection.
[0m17:19:50.142715 [debug] [MainThread]: Resource report: {"command_name": "init", "command_success": true, "command_wall_clock_time": 71.95241, "process_in_blocks": "0", "process_kernel_time": 0.264406, "process_mem_max_rss": "101408768", "process_out_blocks": "0", "process_user_time": 1.311865}
[0m17:19:50.144702 [debug] [MainThread]: Command `dbt init` succeeded at 17:19:50.143996 after 71.95 seconds
[0m17:19:50.146377 [debug] [MainThread]: Sending event: {'category': 'dbt', 'action': 'invocation', 'label': 'end', 'context': [<snowplow_tracker.self_describing_json.SelfDescribingJson object at 0x10c7811f0>, <snowplow_tracker.self_describing_json.SelfDescribingJson object at 0x10e24a0a0>, <snowplow_tracker.self_describing_json.SelfDescribingJson object at 0x10e6955b0>]}
[0m17:19:50.147327 [debug] [MainThread]: Flushing usage events
[0m17:19:50.920222 [debug] [MainThread]: An error was encountered while trying to flush usage events
